module1/build/outputs/logs/manifest-merger-debug-report.txt
-- Merging decision tree log ---
manifest
ADDED from main/module/AndroidManifest.xml:1:1-12:12
INJECTED from main/module/AndroidManifest.xml:1:1-12:12
INJECTED from main/module/AndroidManifest.xml:1:1-12:12
INJECTED from main/module/AndroidManifest.xml:1:1-12:12
MERGED from [:base] AndroidManifest.xml:2:1-11:12
MERGED from [com.android.support:appcompat-v7:27.0.0] AndroidManifest.xml:17:1-22:12
MERGED from [com.android.support:support-fragment:27.0.0] AndroidManifest.xml:17:1-22:12
MERGED from [com.android.support:support-core-utils:27.0.0] AndroidManifest.xml:17:1-22:12
MERGED from [com.android.support:animated-vector-drawable:27.0.0] AndroidManifest.xml:17:1-22:12
MERGED from [com.android.support:support-vector-drawable:27.0.0] AndroidManifest.xml:17:1-22:12
MERGED from [com.android.support:support-core-ui:27.0.0] AndroidManifest.xml:17:1-22:12
MERGED from [com.android.support:support-compat:27.0.0] AndroidManifest.xml:17:1-22:12
MERGED from [android.arch.lifecycle:runtime:1.0.0] AndroidManifest.xml:17:1-30:12
INJECTED from main/module/AndroidManifest.xml:1:1-12:12
INJECTED from main/module/AndroidManifest.xml:1:1-12:12
INJECTED from main/module/AndroidManifest.xml:1:1-12:12
	package
		ADDED from main/module/AndroidManifest.xml:2:5-31
		INJECTED from main/module/AndroidManifest.xml
		INJECTED from main/module/AndroidManifest.xml
	android:versionName
		INJECTED from main/module/AndroidManifest.xml
		ADDED from main/module/AndroidManifest.xml:1:1-12:12
		INJECTED from main/module/AndroidManifest.xml
	android:versionCode
		INJECTED from main/module/AndroidManifest.xml
		ADDED from main/module/AndroidManifest.xml:1:1-12:12
		INJECTED from main/module/AndroidManifest.xml
	xmlns:android
		ADDED from main/module/AndroidManifest.xml:1:11-69
application
ADDED from main/module/AndroidManifest.xml:4:5-11:19
MERGED from [android.arch.lifecycle:runtime:1.0.0] AndroidManifest.xml:24:5-28:19
MERGED from [android.arch.lifecycle:runtime:1.0.0] AndroidManifest.xml:24:5-28:19
	android:name
		ADDED from main/module/AndroidManifest.xml:4:18-53
activity#tina.com.module1.Module2Activity
ADDED from main/module/AndroidManifest.xml:5:9-10:20
	android:name
		ADDED from main/module/AndroidManifest.xml:5:19-50
intent-filter#action:name:android.intent.action.MAIN+category:name:android.intent.category.LAUNCHER
ADDED from main/module/AndroidManifest.xml:6:13-9:29
action#android.intent.action.MAIN
ADDED from main/module/AndroidManifest.xml:7:17-69
	android:name
		ADDED from main/module/AndroidManifest.xml:7:25-66
category#android.intent.category.LAUNCHER
ADDED from main/module/AndroidManifest.xml:8:17-77
	android:name
		ADDED from main/module/AndroidManifest.xml:8:27-74
uses-sdk
INJECTED from main/module/AndroidManifest.xml reason: use-sdk injection requested
INJECTED from main/module/AndroidManifest.xml
INJECTED from main/module/AndroidManifest.xml
MERGED from [:base] AndroidManifest.xml:7:5-9:41
MERGED from [:base] AndroidManifest.xml:7:5-9:41
MERGED from [com.android.support:appcompat-v7:27.0.0] AndroidManifest.xml:20:5-44
MERGED from [com.android.support:appcompat-v7:27.0.0] AndroidManifest.xml:20:5-44
MERGED from [com.android.support:support-fragment:27.0.0] AndroidManifest.xml:20:5-44
MERGED from [com.android.support:support-fragment:27.0.0] AndroidManifest.xml:20:5-44
MERGED from [com.android.support:support-core-utils:27.0.0] AndroidManifest.xml:20:5-44
MERGED from [com.android.support:support-core-utils:27.0.0] AndroidManifest.xml:20:5-44
MERGED from [com.android.support:animated-vector-drawable:27.0.0] AndroidManifest.xml:20:5-44
MERGED from [com.android.support:animated-vector-drawable:27.0.0] AndroidManifest.xml:20:5-44
MERGED from [com.android.support:support-vector-drawable:27.0.0] AndroidManifest.xml:20:5-44
MERGED from [com.android.support:support-vector-drawable:27.0.0] AndroidManifest.xml:20:5-44
MERGED from [com.android.support:support-core-ui:27.0.0] AndroidManifest.xml:20:5-44
MERGED from [com.android.support:support-core-ui:27.0.0] AndroidManifest.xml:20:5-44
MERGED from [com.android.support:support-compat:27.0.0] AndroidManifest.xml:20:5-44
MERGED from [com.android.support:support-compat:27.0.0] AndroidManifest.xml:20:5-44
MERGED from [android.arch.lifecycle:runtime:1.0.0] AndroidManifest.xml:20:5-22:41
MERGED from [android.arch.lifecycle:runtime:1.0.0] AndroidManifest.xml:20:5-22:41
INJECTED from main/module/AndroidManifest.xml
INJECTED from main/module/AndroidManifest.xml
	android:targetSdkVersion
		INJECTED from main/module/AndroidManifest.xml
		ADDED from main/module/AndroidManifest.xml
		INJECTED from main/module/AndroidManifest.xml
	android:minSdkVersion
		INJECTED from main/module/AndroidManifest.xml
		ADDED from main/module/AndroidManifest.xml
		INJECTED from main/module/AndroidManifest.xml
meta-data#android.arch.lifecycle.VERSION
ADDED from [android.arch.lifecycle:runtime:1.0.0] AndroidManifest.xml:25:9-27:47
	android:value
		ADDED from [android.arch.lifecycle:runtime:1.0.0] AndroidManifest.xml:27:13-44
	android:name
		ADDED from [android.arch.lifecycle:runtime:1.0.0] AndroidManifest.xml:26:13-58